-------------------------------------------------------------------------------
Test set: com.miage.MoteurDeJeuTest
-------------------------------------------------------------------------------
Tests run: 1, Failures: 1, Errors: 0, Skipped: 0, Time elapsed: 0.766 s <<< FAILURE! - in com.miage.MoteurDeJeuTest
testCallPingService  Time elapsed: 0.2 s  <<< FAILURE!
org.opentest4j.AssertionFailedError: expected: <FORWARD> but was: <null>
	at com.miage.MoteurDeJeuTest.play(MoteurDeJeuTest.java:32)

