<?xml version="1.0" encoding="UTF-8"?>
<testsuite xmlns:xsi="http://www.w3.org/2001/XMLSchema-instance" xsi:noNamespaceSchemaLocation="https://maven.apache.org/surefire/maven-surefire-plugin/xsd/surefire-test-report.xsd" name="com.miage.MoteurDeJeuTest" time="0.766" tests="1" errors="0" skipped="0" failures="1">
  <properties>
[...]
</properties>
  <testcase name="testCallPingService" classname="com.miage.MoteurDeJeuTest" time="0.2">
    <failure message="expected: &lt;FORWARD&gt; but was: &lt;null&gt;" type="org.opentest4j.AssertionFailedError"><![CDATA[org.opentest4j.AssertionFailedError: expected: <FORWARD> but was: <null>
	at com.miage.MoteurDeJeuTest.play(MoteurDeJeuTest.java:32)
]]></failure>
  </testcase>
</testsuite>